<?xml version="1.0" encoding="UTF-8"?>
<testsuite name="SILab2Test" tests="1" skipped="0" failures="0" errors="0" timestamp="2020-06-13T00:21:19" hostname="1ABINOT" time="0.024">
  <properties/>
  <testcase name="multipleConditionsTest()" classname="SILab2Test" time="0.024"/>
  <system-out><![CDATA[]]></system-out>
  <system-err><![CDATA[]]></system-err>
</testsuite>
